{"/usr/src/app/src/server.ts": {"path":"/usr/src/app/src/server.ts","statementMap":{"0":{"start":{"line":1,"column":0},"end":{"line":1,"column":30}},"1":{"start":{"line":2,"column":0},"end":{"line":2,"column":48}},"2":{"start":{"line":3,"column":0},"end":{"line":3,"column":37}},"3":{"start":{"line":4,"column":0},"end":{"line":4,"column":43}},"4":{"start":{"line":5,"column":0},"end":{"line":5,"column":10}},"5":{"start":{"line":7,"column":12},"end":{"line":7,"column":21}},"6":{"start":{"line":8,"column":13},"end":{"line":8,"column":63}},"7":{"start":{"line":11,"column":0},"end":{"line":11,"column":18}},"8":{"start":{"line":14,"column":0},"end":{"line":14,"column":24}},"9":{"start":{"line":17,"column":0},"end":{"line":17,"column":50}},"10":{"start":{"line":18,"column":0},"end":{"line":18,"column":50}},"11":{"start":{"line":19,"column":0},"end":{"line":19,"column":48}},"12":{"start":{"line":20,"column":0},"end":{"line":20,"column":30}},"13":{"start":{"line":23,"column":15},"end":{"line":25,"column":2}},"14":{"start":{"line":24,"column":2},"end":{"line":24,"column":62}},"15":{"start":{"line":28,"column":0},"end":{"line":34,"column":3}},"16":{"start":{"line":29,"column":2},"end":{"line":29,"column":55}},"17":{"start":{"line":30,"column":2},"end":{"line":33,"column":5}},"18":{"start":{"line":31,"column":4},"end":{"line":31,"column":44}},"19":{"start":{"line":32,"column":4},"end":{"line":32,"column":20}}},"fnMap":{"0":{"name":"(anonymous_1)","decl":{"start":{"line":23,"column":43},"end":{"line":23,"column":46}},"loc":{"start":{"line":23,"column":48},"end":{"line":25,"column":1}}},"1":{"name":"(anonymous_2)","decl":{"start":{"line":28,"column":21},"end":{"line":28,"column":24}},"loc":{"start":{"line":28,"column":26},"end":{"line":34,"column":1}}},"2":{"name":"(anonymous_3)","decl":{"start":{"line":30,"column":15},"end":{"line":30,"column":18}},"loc":{"start":{"line":30,"column":20},"end":{"line":33,"column":3}}}},"branchMap":{"0":{"loc":{"start":{"line":8,"column":13},"end":{"line":8,"column":63}},"type":"cond-expr","locations":[{"start":{"line":8,"column":32},"end":{"line":8,"column":56}},{"start":{"line":8,"column":59},"end":{"line":8,"column":63}}]}},"s":{"0":0,"1":0,"2":0,"3":0,"4":0,"5":0,"6":0,"7":0,"8":0,"9":0,"10":0,"11":0,"12":0,"13":0,"14":0,"15":0,"16":0,"17":0,"18":0,"19":0},"f":{"0":0,"1":0,"2":0},"b":{"0":[0,0]}}
,"/usr/src/app/src/config/db.ts": {"path":"/usr/src/app/src/config/db.ts","statementMap":{"0":{"start":{"line":1,"column":0},"end":{"line":1,"column":49}},"1":{"start":{"line":2,"column":0},"end":{"line":2,"column":49}},"2":{"start":{"line":3,"column":0},"end":{"line":3,"column":28}},"3":{"start":{"line":6,"column":17},"end":{"line":12,"column":14}},"4":{"start":{"line":15,"column":13},"end":{"line":30,"column":3}},"5":{"start":{"line":32,"column":0},"end":{"line":35,"column":67}},"6":{"start":{"line":34,"column":14},"end":{"line":34,"column":47}},"7":{"start":{"line":35,"column":18},"end":{"line":35,"column":65}}},"fnMap":{"0":{"name":"(anonymous_1)","decl":{"start":{"line":34,"column":8},"end":{"line":34,"column":11}},"loc":{"start":{"line":34,"column":14},"end":{"line":34,"column":47}}},"1":{"name":"(anonymous_2)","decl":{"start":{"line":35,"column":9},"end":{"line":35,"column":10}},"loc":{"start":{"line":35,"column":18},"end":{"line":35,"column":65}}}},"branchMap":{},"s":{"0":0,"1":0,"2":0,"3":0,"4":0,"5":0,"6":0,"7":0},"f":{"0":0,"1":0},"b":{}}
,"/usr/src/app/src/config/loadenv.ts": {"path":"/usr/src/app/src/config/loadenv.ts","statementMap":{"0":{"start":{"line":5,"column":0},"end":{"line":5,"column":16}},"1":{"start":{"line":2,"column":0},"end":{"line":2,"column":28}},"2":{"start":{"line":3,"column":0},"end":{"line":3,"column":24}},"3":{"start":{"line":6,"column":2},"end":{"line":6,"column":63}},"4":{"start":{"line":7,"column":18},"end":{"line":7,"column":48}},"5":{"start":{"line":8,"column":18},"end":{"line":8,"column":61}},"6":{"start":{"line":10,"column":2},"end":{"line":10,"column":35}},"7":{"start":{"line":12,"column":2},"end":{"line":12,"column":55}},"8":{"start":{"line":13,"column":2},"end":{"line":13,"column":55}}},"fnMap":{"0":{"name":"loadEnv","decl":{"start":{"line":5,"column":16},"end":{"line":5,"column":23}},"loc":{"start":{"line":5,"column":23},"end":{"line":14,"column":1}}}},"branchMap":{"0":{"loc":{"start":{"line":6,"column":25},"end":{"line":6,"column":62}},"type":"binary-expr","locations":[{"start":{"line":6,"column":25},"end":{"line":6,"column":45}},{"start":{"line":6,"column":49},"end":{"line":6,"column":62}}]}},"s":{"0":5,"1":5,"2":5,"3":5,"4":5,"5":5,"6":5,"7":5,"8":5},"f":{"0":5},"b":{"0":[5,0]}}
,"/usr/src/app/src/config/swagger.ts": {"path":"/usr/src/app/src/config/swagger.ts","statementMap":{"0":{"start":{"line":24,"column":0},"end":{"line":24,"column":16}},"1":{"start":{"line":1,"column":0},"end":{"line":1,"column":41}},"2":{"start":{"line":2,"column":0},"end":{"line":2,"column":43}},"3":{"start":{"line":4,"column":0},"end":{"line":4,"column":24}},"4":{"start":{"line":6,"column":38},"end":{"line":20,"column":2}},"5":{"start":{"line":22,"column":20},"end":{"line":22,"column":41}},"6":{"start":{"line":25,"column":2},"end":{"line":25,"column":51}},"7":{"start":{"line":27,"column":2},"end":{"line":27,"column":70}},"8":{"start":{"line":29,"column":2},"end":{"line":32,"column":5}},"9":{"start":{"line":30,"column":4},"end":{"line":30,"column":54}},"10":{"start":{"line":31,"column":4},"end":{"line":31,"column":26}},"11":{"start":{"line":34,"column":2},"end":{"line":34,"column":53}},"12":{"start":{"line":35,"column":2},"end":{"line":35,"column":59}}},"fnMap":{"0":{"name":"setupSwagger","decl":{"start":{"line":24,"column":16},"end":{"line":24,"column":28}},"loc":{"start":{"line":24,"column":41},"end":{"line":36,"column":1}}},"1":{"name":"(anonymous_2)","decl":{"start":{"line":29,"column":27},"end":{"line":29,"column":28}},"loc":{"start":{"line":29,"column":40},"end":{"line":32,"column":3}}}},"branchMap":{},"s":{"0":1,"1":1,"2":1,"3":1,"4":1,"5":1,"6":1,"7":1,"8":1,"9":0,"10":0,"11":1,"12":1},"f":{"0":1,"1":0},"b":{}}
,"/usr/src/app/src/controllers/auth.controller.ts": {"path":"/usr/src/app/src/controllers/auth.controller.ts","statementMap":{"0":{"start":{"line":2,"column":0},"end":{"line":2,"column":62}},"1":{"start":{"line":8,"column":31},"end":{"line":37,"column":1}},"2":{"start":{"line":12,"column":36},"end":{"line":12,"column":44}},"3":{"start":{"line":15,"column":2},"end":{"line":19,"column":3}},"4":{"start":{"line":16,"column":4},"end":{"line":18,"column":61}},"5":{"start":{"line":21,"column":2},"end":{"line":36,"column":3}},"6":{"start":{"line":22,"column":19},"end":{"line":22,"column":47}},"7":{"start":{"line":24,"column":4},"end":{"line":26,"column":5}},"8":{"start":{"line":25,"column":6},"end":{"line":25,"column":77}},"9":{"start":{"line":28,"column":4},"end":{"line":32,"column":7}},"10":{"start":{"line":34,"column":4},"end":{"line":34,"column":51}},"11":{"start":{"line":35,"column":4},"end":{"line":35,"column":71}},"12":{"start":{"line":8,"column":13},"end":{"line":8,"column":31}},"13":{"start":{"line":43,"column":37},"end":{"line":60,"column":1}},"14":{"start":{"line":44,"column":21},"end":{"line":44,"column":46}},"15":{"start":{"line":46,"column":2},"end":{"line":50,"column":3}},"16":{"start":{"line":47,"column":4},"end":{"line":49,"column":69}},"17":{"start":{"line":52,"column":16},"end":{"line":52,"column":40}},"18":{"start":{"line":53,"column":18},"end":{"line":53,"column":36}},"19":{"start":{"line":55,"column":2},"end":{"line":57,"column":3}},"20":{"start":{"line":56,"column":4},"end":{"line":56,"column":74}},"21":{"start":{"line":59,"column":2},"end":{"line":59,"column":71}},"22":{"start":{"line":43,"column":13},"end":{"line":43,"column":37}}},"fnMap":{"0":{"name":"(anonymous_0)","decl":{"start":{"line":8,"column":31},"end":{"line":8,"column":36}},"loc":{"start":{"line":11,"column":18},"end":{"line":37,"column":1}}},"1":{"name":"(anonymous_1)","decl":{"start":{"line":43,"column":37},"end":{"line":43,"column":38}},"loc":{"start":{"line":43,"column":69},"end":{"line":60,"column":1}}}},"branchMap":{"0":{"loc":{"start":{"line":15,"column":2},"end":{"line":19,"column":3}},"type":"if","locations":[{"start":{"line":15,"column":2},"end":{"line":19,"column":3}}]},"1":{"loc":{"start":{"line":15,"column":6},"end":{"line":15,"column":25}},"type":"binary-expr","locations":[{"start":{"line":15,"column":6},"end":{"line":15,"column":12}},{"start":{"line":15,"column":16},"end":{"line":15,"column":25}}]},"2":{"loc":{"start":{"line":24,"column":4},"end":{"line":26,"column":5}},"type":"if","locations":[{"start":{"line":24,"column":4},"end":{"line":26,"column":5}}]},"3":{"loc":{"start":{"line":46,"column":2},"end":{"line":50,"column":3}},"type":"if","locations":[{"start":{"line":46,"column":2},"end":{"line":50,"column":3}}]},"4":{"loc":{"start":{"line":46,"column":6},"end":{"line":46,"column":54}},"type":"binary-expr","locations":[{"start":{"line":46,"column":6},"end":{"line":46,"column":17}},{"start":{"line":46,"column":21},"end":{"line":46,"column":54}}]},"5":{"loc":{"start":{"line":55,"column":2},"end":{"line":57,"column":3}},"type":"if","locations":[{"start":{"line":55,"column":2},"end":{"line":57,"column":3}}]}},"s":{"0":3,"1":3,"2":9,"3":9,"4":3,"5":6,"6":6,"7":4,"8":2,"9":2,"10":2,"11":2,"12":3,"13":3,"14":3,"15":3,"16":1,"17":2,"18":2,"19":2,"20":1,"21":1,"22":3},"f":{"0":9,"1":3},"b":{"0":[3],"1":[9,7],"2":[2],"3":[1],"4":[3,2],"5":[1]}}
,"/usr/src/app/src/controllers/user.controller.ts": {"path":"/usr/src/app/src/controllers/user.controller.ts","statementMap":{"0":{"start":{"line":12,"column":0},"end":{"line":12,"column":7}},"1":{"start":{"line":32,"column":0},"end":{"line":32,"column":7}},"2":{"start":{"line":48,"column":0},"end":{"line":48,"column":7}},"3":{"start":{"line":83,"column":0},"end":{"line":83,"column":7}},"4":{"start":{"line":106,"column":0},"end":{"line":106,"column":7}},"5":{"start":{"line":125,"column":0},"end":{"line":125,"column":7}},"6":{"start":{"line":156,"column":0},"end":{"line":156,"column":7}},"7":{"start":{"line":2,"column":0},"end":{"line":2,"column":null}},"8":{"start":{"line":16,"column":36},"end":{"line":16,"column":44}},"9":{"start":{"line":18,"column":2},"end":{"line":29,"column":3}},"10":{"start":{"line":19,"column":26},"end":{"line":19,"column":52}},"11":{"start":{"line":20,"column":4},"end":{"line":22,"column":5}},"12":{"start":{"line":21,"column":6},"end":{"line":21,"column":71}},"13":{"start":{"line":24,"column":17},"end":{"line":24,"column":56}},"14":{"start":{"line":25,"column":4},"end":{"line":25,"column":80}},"15":{"start":{"line":27,"column":4},"end":{"line":27,"column":50}},"16":{"start":{"line":28,"column":4},"end":{"line":28,"column":70}},"17":{"start":{"line":33,"column":17},"end":{"line":33,"column":27}},"18":{"start":{"line":35,"column":2},"end":{"line":45,"column":3}},"19":{"start":{"line":36,"column":17},"end":{"line":36,"column":38}},"20":{"start":{"line":37,"column":4},"end":{"line":39,"column":5}},"21":{"start":{"line":38,"column":6},"end":{"line":38,"column":65}},"22":{"start":{"line":41,"column":4},"end":{"line":41,"column":38}},"23":{"start":{"line":43,"column":4},"end":{"line":43,"column":49}},"24":{"start":{"line":44,"column":4},"end":{"line":44,"column":70}},"25":{"start":{"line":52,"column":17},"end":{"line":52,"column":27}},"26":{"start":{"line":53,"column":26},"end":{"line":53,"column":34}},"27":{"start":{"line":55,"column":2},"end":{"line":59,"column":3}},"28":{"start":{"line":56,"column":4},"end":{"line":58,"column":69}},"29":{"start":{"line":61,"column":2},"end":{"line":80,"column":3}},"30":{"start":{"line":62,"column":4},"end":{"line":67,"column":5}},"31":{"start":{"line":63,"column":28},"end":{"line":63,"column":54}},"32":{"start":{"line":64,"column":6},"end":{"line":66,"column":7}},"33":{"start":{"line":65,"column":8},"end":{"line":65,"column":73}},"34":{"start":{"line":69,"column":24},"end":{"line":69,"column":61}},"35":{"start":{"line":70,"column":4},"end":{"line":72,"column":5}},"36":{"start":{"line":71,"column":6},"end":{"line":71,"column":65}},"37":{"start":{"line":74,"column":4},"end":{"line":76,"column":73}},"38":{"start":{"line":78,"column":4},"end":{"line":78,"column":49}},"39":{"start":{"line":79,"column":4},"end":{"line":79,"column":70}},"40":{"start":{"line":87,"column":17},"end":{"line":87,"column":27}},"41":{"start":{"line":88,"column":43},"end":{"line":88,"column":51}},"42":{"start":{"line":90,"column":2},"end":{"line":103,"column":3}},"43":{"start":{"line":91,"column":20},"end":{"line":91,"column":74}},"44":{"start":{"line":93,"column":4},"end":{"line":97,"column":5}},"45":{"start":{"line":94,"column":6},"end":{"line":96,"column":73}},"46":{"start":{"line":99,"column":4},"end":{"line":99,"column":78}},"47":{"start":{"line":101,"column":4},"end":{"line":101,"column":53}},"48":{"start":{"line":102,"column":4},"end":{"line":102,"column":70}},"49":{"start":{"line":110,"column":17},"end":{"line":110,"column":27}},"50":{"start":{"line":112,"column":2},"end":{"line":122,"column":3}},"51":{"start":{"line":113,"column":20},"end":{"line":113,"column":40}},"52":{"start":{"line":114,"column":4},"end":{"line":116,"column":5}},"53":{"start":{"line":115,"column":6},"end":{"line":115,"column":65}},"54":{"start":{"line":118,"column":4},"end":{"line":118,"column":74}},"55":{"start":{"line":120,"column":4},"end":{"line":120,"column":49}},"56":{"start":{"line":121,"column":4},"end":{"line":121,"column":70}},"57":{"start":{"line":129,"column":25},"end":{"line":129,"column":34}},"58":{"start":{"line":130,"column":16},"end":{"line":130,"column":78}},"59":{"start":{"line":131,"column":17},"end":{"line":133,"column":7}},"60":{"start":{"line":135,"column":2},"end":{"line":137,"column":3}},"61":{"start":{"line":136,"column":4},"end":{"line":136,"column":72}},"62":{"start":{"line":139,"column":2},"end":{"line":153,"column":3}},"63":{"start":{"line":140,"column":18},"end":{"line":140,"column":62}},"64":{"start":{"line":142,"column":4},"end":{"line":149,"column":7}},"65":{"start":{"line":151,"column":4},"end":{"line":151,"column":51}},"66":{"start":{"line":152,"column":4},"end":{"line":152,"column":70}},"67":{"start":{"line":160,"column":17},"end":{"line":160,"column":27}},"68":{"start":{"line":162,"column":2},"end":{"line":175,"column":3}},"69":{"start":{"line":163,"column":17},"end":{"line":163,"column":59}},"70":{"start":{"line":165,"column":4},"end":{"line":167,"column":5}},"71":{"start":{"line":166,"column":6},"end":{"line":166,"column":65}},"72":{"start":{"line":169,"column":4},"end":{"line":171,"column":61}},"73":{"start":{"line":173,"column":4},"end":{"line":173,"column":50}},"74":{"start":{"line":174,"column":4},"end":{"line":174,"column":70}}},"fnMap":{"0":{"name":"handleCreateUser","decl":{"start":{"line":12,"column":22},"end":{"line":12,"column":38}},"loc":{"start":{"line":14,"column":15},"end":{"line":30,"column":1}}},"1":{"name":"handleGetUser","decl":{"start":{"line":32,"column":22},"end":{"line":32,"column":35}},"loc":{"start":{"line":32,"column":63},"end":{"line":46,"column":1}}},"2":{"name":"handleUpdateUser","decl":{"start":{"line":48,"column":22},"end":{"line":48,"column":38}},"loc":{"start":{"line":50,"column":15},"end":{"line":81,"column":1}}},"3":{"name":"handleChangePassword","decl":{"start":{"line":83,"column":22},"end":{"line":83,"column":42}},"loc":{"start":{"line":85,"column":15},"end":{"line":104,"column":1}}},"4":{"name":"handleDeleteUser","decl":{"start":{"line":106,"column":22},"end":{"line":106,"column":38}},"loc":{"start":{"line":108,"column":15},"end":{"line":123,"column":1}}},"5":{"name":"handleSearchUsers","decl":{"start":{"line":125,"column":22},"end":{"line":125,"column":39}},"loc":{"start":{"line":127,"column":15},"end":{"line":154,"column":1}}},"6":{"name":"handleVerifyUser","decl":{"start":{"line":156,"column":22},"end":{"line":156,"column":38}},"loc":{"start":{"line":158,"column":15},"end":{"line":176,"column":1}}}},"branchMap":{"0":{"loc":{"start":{"line":20,"column":4},"end":{"line":22,"column":5}},"type":"if","locations":[{"start":{"line":20,"column":4},"end":{"line":22,"column":5}}]},"1":{"loc":{"start":{"line":37,"column":4},"end":{"line":39,"column":5}},"type":"if","locations":[{"start":{"line":37,"column":4},"end":{"line":39,"column":5}}]},"2":{"loc":{"start":{"line":55,"column":2},"end":{"line":59,"column":3}},"type":"if","locations":[{"start":{"line":55,"column":2},"end":{"line":59,"column":3}}]},"3":{"loc":{"start":{"line":55,"column":6},"end":{"line":55,"column":21}},"type":"binary-expr","locations":[{"start":{"line":55,"column":6},"end":{"line":55,"column":11}},{"start":{"line":55,"column":15},"end":{"line":55,"column":21}}]},"4":{"loc":{"start":{"line":62,"column":4},"end":{"line":67,"column":5}},"type":"if","locations":[{"start":{"line":62,"column":4},"end":{"line":67,"column":5}}]},"5":{"loc":{"start":{"line":64,"column":6},"end":{"line":66,"column":7}},"type":"if","locations":[{"start":{"line":64,"column":6},"end":{"line":66,"column":7}}]},"6":{"loc":{"start":{"line":70,"column":4},"end":{"line":72,"column":5}},"type":"if","locations":[{"start":{"line":70,"column":4},"end":{"line":72,"column":5}}]},"7":{"loc":{"start":{"line":93,"column":4},"end":{"line":97,"column":5}},"type":"if","locations":[{"start":{"line":93,"column":4},"end":{"line":97,"column":5}}]},"8":{"loc":{"start":{"line":114,"column":4},"end":{"line":116,"column":5}},"type":"if","locations":[{"start":{"line":114,"column":4},"end":{"line":116,"column":5}}]},"9":{"loc":{"start":{"line":130,"column":16},"end":{"line":130,"column":78}},"type":"cond-expr","locations":[{"start":{"line":130,"column":34},"end":{"line":130,"column":73}},{"start":{"line":130,"column":76},"end":{"line":130,"column":78}}]},"10":{"loc":{"start":{"line":131,"column":17},"end":{"line":133,"column":7}},"type":"cond-expr","locations":[{"start":{"line":132,"column":6},"end":{"line":132,"column":46}},{"start":{"line":133,"column":6},"end":{"line":133,"column":7}}]},"11":{"loc":{"start":{"line":135,"column":2},"end":{"line":137,"column":3}},"type":"if","locations":[{"start":{"line":135,"column":2},"end":{"line":137,"column":3}}]},"12":{"loc":{"start":{"line":135,"column":6},"end":{"line":135,"column":51}},"type":"binary-expr","locations":[{"start":{"line":135,"column":6},"end":{"line":135,"column":17}},{"start":{"line":135,"column":21},"end":{"line":135,"column":51}}]},"13":{"loc":{"start":{"line":165,"column":4},"end":{"line":167,"column":5}},"type":"if","locations":[{"start":{"line":165,"column":4},"end":{"line":167,"column":5}}]}},"s":{"0":3,"1":3,"2":3,"3":3,"4":3,"5":3,"6":3,"7":3,"8":3,"9":3,"10":3,"11":2,"12":1,"13":1,"14":1,"15":1,"16":1,"17":3,"18":3,"19":3,"20":2,"21":1,"22":1,"23":1,"24":1,"25":4,"26":4,"27":4,"28":0,"29":4,"30":4,"31":4,"32":3,"33":1,"34":2,"35":2,"36":1,"37":1,"38":1,"39":1,"40":3,"41":3,"42":3,"43":3,"44":2,"45":1,"46":1,"47":1,"48":1,"49":3,"50":3,"51":3,"52":2,"53":1,"54":1,"55":1,"56":1,"57":4,"58":4,"59":4,"60":4,"61":1,"62":3,"63":3,"64":2,"65":1,"66":1,"67":3,"68":3,"69":3,"70":2,"71":1,"72":1,"73":1,"74":1},"f":{"0":3,"1":3,"2":4,"3":3,"4":3,"5":4,"6":3},"b":{"0":[1],"1":[1],"2":[0],"3":[4,0],"4":[4],"5":[1],"6":[1],"7":[1],"8":[1],"9":[2,2],"10":[2,2],"11":[1],"12":[4,3],"13":[1]}}
,"/usr/src/app/src/middlewares/authenticateJWT.ts": {"path":"/usr/src/app/src/middlewares/authenticateJWT.ts","statementMap":{"0":{"start":{"line":3,"column":0},"end":{"line":3,"column":56}},"1":{"start":{"line":5,"column":31},"end":{"line":36,"column":1}},"2":{"start":{"line":10,"column":21},"end":{"line":10,"column":46}},"3":{"start":{"line":13,"column":2},"end":{"line":15,"column":3}},"4":{"start":{"line":14,"column":4},"end":{"line":14,"column":80}},"5":{"start":{"line":17,"column":16},"end":{"line":17,"column":40}},"6":{"start":{"line":19,"column":2},"end":{"line":35,"column":3}},"7":{"start":{"line":21,"column":20},"end":{"line":21,"column":50}},"8":{"start":{"line":24,"column":4},"end":{"line":26,"column":5}},"9":{"start":{"line":25,"column":6},"end":{"line":25,"column":78}},"10":{"start":{"line":29,"column":5},"end":{"line":29,"column":32}},"11":{"start":{"line":32,"column":4},"end":{"line":32,"column":11}},"12":{"start":{"line":34,"column":4},"end":{"line":34,"column":76}},"13":{"start":{"line":5,"column":13},"end":{"line":5,"column":31}}},"fnMap":{"0":{"name":"(anonymous_9)","decl":{"start":{"line":5,"column":31},"end":{"line":5,"column":null}},"loc":{"start":{"line":9,"column":9},"end":{"line":36,"column":1}}}},"branchMap":{"0":{"loc":{"start":{"line":13,"column":2},"end":{"line":15,"column":3}},"type":"if","locations":[{"start":{"line":13,"column":2},"end":{"line":15,"column":3}}]},"1":{"loc":{"start":{"line":13,"column":6},"end":{"line":13,"column":54}},"type":"binary-expr","locations":[{"start":{"line":13,"column":6},"end":{"line":13,"column":17}},{"start":{"line":13,"column":21},"end":{"line":13,"column":54}}]},"2":{"loc":{"start":{"line":24,"column":4},"end":{"line":26,"column":5}},"type":"if","locations":[{"start":{"line":24,"column":4},"end":{"line":26,"column":5}}]}},"s":{"0":2,"1":2,"2":4,"3":4,"4":2,"5":2,"6":2,"7":2,"8":2,"9":1,"10":1,"11":1,"12":0,"13":2},"f":{"0":4},"b":{"0":[2],"1":[4,3],"2":[1]}}
,"/usr/src/app/src/middlewares/checkVerifiedAccount.ts": {"path":"/usr/src/app/src/middlewares/checkVerifiedAccount.ts","statementMap":{"0":{"start":{"line":9,"column":36},"end":{"line":33,"column":1}},"1":{"start":{"line":15,"column":16},"end":{"line":15,"column":56}},"2":{"start":{"line":17,"column":2},"end":{"line":21,"column":3}},"3":{"start":{"line":18,"column":4},"end":{"line":20,"column":7}},"4":{"start":{"line":24,"column":2},"end":{"line":29,"column":3}},"5":{"start":{"line":25,"column":4},"end":{"line":28,"column":7}},"6":{"start":{"line":32,"column":2},"end":{"line":32,"column":9}},"7":{"start":{"line":9,"column":13},"end":{"line":9,"column":36}}},"fnMap":{"0":{"name":"(anonymous_0)","decl":{"start":{"line":9,"column":36},"end":{"line":9,"column":null}},"loc":{"start":{"line":13,"column":9},"end":{"line":33,"column":1}}}},"branchMap":{"0":{"loc":{"start":{"line":17,"column":2},"end":{"line":21,"column":3}},"type":"if","locations":[{"start":{"line":17,"column":2},"end":{"line":21,"column":3}}]},"1":{"loc":{"start":{"line":24,"column":2},"end":{"line":29,"column":3}},"type":"if","locations":[{"start":{"line":24,"column":2},"end":{"line":29,"column":3}}]}},"s":{"0":0,"1":0,"2":0,"3":0,"4":0,"5":0,"6":0,"7":0},"f":{"0":0},"b":{"0":[0],"1":[0]}}
,"/usr/src/app/src/middlewares/handleValidationErrors.ts": {"path":"/usr/src/app/src/middlewares/handleValidationErrors.ts","statementMap":{"0":{"start":{"line":3,"column":0},"end":{"line":3,"column":52}},"1":{"start":{"line":5,"column":31},"end":{"line":18,"column":1}},"2":{"start":{"line":10,"column":17},"end":{"line":10,"column":38}},"3":{"start":{"line":11,"column":2},"end":{"line":16,"column":3}},"4":{"start":{"line":12,"column":4},"end":{"line":15,"column":7}},"5":{"start":{"line":17,"column":2},"end":{"line":17,"column":9}},"6":{"start":{"line":20,"column":0},"end":{"line":20,"column":null}}},"fnMap":{"0":{"name":"(anonymous_0)","decl":{"start":{"line":5,"column":31},"end":{"line":5,"column":null}},"loc":{"start":{"line":9,"column":9},"end":{"line":18,"column":1}}}},"branchMap":{"0":{"loc":{"start":{"line":11,"column":2},"end":{"line":16,"column":3}},"type":"if","locations":[{"start":{"line":11,"column":2},"end":{"line":16,"column":3}}]}},"s":{"0":3,"1":3,"2":10,"3":10,"4":7,"5":3,"6":3},"f":{"0":10},"b":{"0":[7]}}
,"/usr/src/app/src/middlewares/isSelf.ts": {"path":"/usr/src/app/src/middlewares/isSelf.ts","statementMap":{"0":{"start":{"line":3,"column":0},"end":{"line":3,"column":16}},"1":{"start":{"line":4,"column":27},"end":{"line":4,"column":40}},"2":{"start":{"line":5,"column":27},"end":{"line":5,"column":47}},"3":{"start":{"line":7,"column":2},"end":{"line":9,"column":3}},"4":{"start":{"line":8,"column":4},"end":{"line":8,"column":71}},"5":{"start":{"line":11,"column":2},"end":{"line":13,"column":3}},"6":{"start":{"line":12,"column":4},"end":{"line":12,"column":73}},"7":{"start":{"line":15,"column":2},"end":{"line":15,"column":9}}},"fnMap":{"0":{"name":"isSelf","decl":{"start":{"line":3,"column":16},"end":{"line":3,"column":22}},"loc":{"start":{"line":3,"column":70},"end":{"line":16,"column":1}}}},"branchMap":{"0":{"loc":{"start":{"line":7,"column":2},"end":{"line":9,"column":3}},"type":"if","locations":[{"start":{"line":7,"column":2},"end":{"line":9,"column":3}}]},"1":{"loc":{"start":{"line":11,"column":2},"end":{"line":13,"column":3}},"type":"if","locations":[{"start":{"line":11,"column":2},"end":{"line":13,"column":3}}]}},"s":{"0":0,"1":0,"2":0,"3":0,"4":0,"5":0,"6":0,"7":0},"f":{"0":0},"b":{"0":[0],"1":[0]}}
,"/usr/src/app/src/middlewares/validateRequiredFields.ts": {"path":"/usr/src/app/src/middlewares/validateRequiredFields.ts","statementMap":{"0":{"start":{"line":8,"column":0},"end":{"line":8,"column":16}},"1":{"start":{"line":9,"column":2},"end":{"line":19,"column":4}},"2":{"start":{"line":10,"column":26},"end":{"line":10,"column":76}},"3":{"start":{"line":10,"column":59},"end":{"line":10,"column":75}},"4":{"start":{"line":12,"column":4},"end":{"line":16,"column":5}},"5":{"start":{"line":13,"column":6},"end":{"line":15,"column":9}},"6":{"start":{"line":18,"column":4},"end":{"line":18,"column":11}}},"fnMap":{"0":{"name":"validateRequiredFields","decl":{"start":{"line":8,"column":16},"end":{"line":8,"column":38}},"loc":{"start":{"line":8,"column":63},"end":{"line":20,"column":1}}},"1":{"name":"(anonymous_1)","decl":{"start":{"line":9,"column":9},"end":{"line":9,"column":10}},"loc":{"start":{"line":9,"column":61},"end":{"line":19,"column":3}}},"2":{"name":"(anonymous_2)","decl":{"start":{"line":10,"column":48},"end":{"line":10,"column":49}},"loc":{"start":{"line":10,"column":59},"end":{"line":10,"column":75}}}},"branchMap":{"0":{"loc":{"start":{"line":12,"column":4},"end":{"line":16,"column":5}},"type":"if","locations":[{"start":{"line":12,"column":4},"end":{"line":16,"column":5}}]}},"s":{"0":1,"1":3,"2":3,"3":9,"4":3,"5":2,"6":1},"f":{"0":3,"1":3,"2":9},"b":{"0":[2]}}
,"/usr/src/app/src/models/user.model.ts": {"path":"/usr/src/app/src/models/user.model.ts","statementMap":{"0":{"start":{"line":1,"column":0},"end":{"line":1,"column":null}},"1":{"start":{"line":9,"column":0},"end":{"line":9,"column":28}},"2":{"start":{"line":22,"column":0},"end":{"line":71,"column":null}},"3":{"start":{"line":60,"column":4},"end":{"line":60,"column":57}},"4":{"start":{"line":66,"column":4},"end":{"line":69,"column":5}},"5":{"start":{"line":67,"column":19},"end":{"line":67,"column":43}},"6":{"start":{"line":68,"column":6},"end":{"line":68,"column":69}},"7":{"start":{"line":73,"column":9},"end":{"line":73,"column":18}},"8":{"start":{"line":32,"column":9},"end":{"line":32,"column":null}},"9":{"start":{"line":42,"column":9},"end":{"line":42,"column":null}},"10":{"start":{"line":51,"column":9},"end":{"line":51,"column":null}},"11":{"start":{"line":54,"column":9},"end":{"line":54,"column":null}},"12":{"start":{"line":57,"column":9},"end":{"line":57,"column":null}},"13":{"start":{"line":65,"column":15},"end":{"line":70,"column":null}},"14":{"start":{"line":22,"column":6},"end":{"line":71,"column":null}}},"fnMap":{"0":{"name":"(anonymous_3)","decl":{"start":{"line":59,"column":9},"end":{"line":59,"column":14}},"loc":{"start":{"line":59,"column":48},"end":{"line":61,"column":3}}},"1":{"name":"(anonymous_4)","decl":{"start":{"line":65,"column":2},"end":{"line":65,"column":8}},"loc":{"start":{"line":65,"column":47},"end":{"line":70,"column":3}}}},"branchMap":{"0":{"loc":{"start":{"line":66,"column":4},"end":{"line":69,"column":5}},"type":"if","locations":[{"start":{"line":66,"column":4},"end":{"line":69,"column":5}}]}},"s":{"0":7,"1":7,"2":7,"3":2,"4":11,"5":10,"6":10,"7":7,"8":7,"9":7,"10":7,"11":7,"12":7,"13":7,"14":7},"f":{"0":2,"1":11},"b":{"0":[10]}}
,"/usr/src/app/src/routes/app.ts": {"path":"/usr/src/app/src/routes/app.ts","statementMap":{"0":{"start":{"line":2,"column":0},"end":{"line":2,"column":30}},"1":{"start":{"line":3,"column":0},"end":{"line":3,"column":41}},"2":{"start":{"line":4,"column":0},"end":{"line":4,"column":49}},"3":{"start":{"line":5,"column":0},"end":{"line":5,"column":39}},"4":{"start":{"line":6,"column":0},"end":{"line":6,"column":39}},"5":{"start":{"line":8,"column":12},"end":{"line":8,"column":21}},"6":{"start":{"line":9,"column":13},"end":{"line":9,"column":37}},"7":{"start":{"line":11,"column":0},"end":{"line":11,"column":18}},"8":{"start":{"line":12,"column":0},"end":{"line":12,"column":24}},"9":{"start":{"line":14,"column":0},"end":{"line":26,"column":3}},"10":{"start":{"line":15,"column":2},"end":{"line":25,"column":3}},"11":{"start":{"line":16,"column":4},"end":{"line":16,"column":35}},"12":{"start":{"line":17,"column":4},"end":{"line":19,"column":73}},"13":{"start":{"line":21,"column":4},"end":{"line":21,"column":55}},"14":{"start":{"line":22,"column":4},"end":{"line":24,"column":79}},"15":{"start":{"line":28,"column":0},"end":{"line":30,"column":3}},"16":{"start":{"line":29,"column":2},"end":{"line":29,"column":46}},"17":{"start":{"line":32,"column":0},"end":{"line":32,"column":34}},"18":{"start":{"line":34,"column":0},"end":{"line":34,"column":33}},"19":{"start":{"line":36,"column":0},"end":{"line":38,"column":3}},"20":{"start":{"line":37,"column":2},"end":{"line":37,"column":51}},"21":{"start":{"line":40,"column":0},"end":{"line":40,"column":19}}},"fnMap":{"0":{"name":"(anonymous_1)","decl":{"start":{"line":14,"column":22},"end":{"line":14,"column":27}},"loc":{"start":{"line":14,"column":41},"end":{"line":26,"column":1}}},"1":{"name":"(anonymous_2)","decl":{"start":{"line":28,"column":13},"end":{"line":28,"column":14}},"loc":{"start":{"line":28,"column":26},"end":{"line":30,"column":1}}},"2":{"name":"(anonymous_3)","decl":{"start":{"line":36,"column":17},"end":{"line":36,"column":20}},"loc":{"start":{"line":36,"column":22},"end":{"line":38,"column":1}}}},"branchMap":{"0":{"loc":{"start":{"line":9,"column":13},"end":{"line":9,"column":37}},"type":"binary-expr","locations":[{"start":{"line":9,"column":13},"end":{"line":9,"column":29}},{"start":{"line":9,"column":33},"end":{"line":9,"column":37}}]}},"s":{"0":1,"1":1,"2":1,"3":1,"4":1,"5":1,"6":1,"7":1,"8":1,"9":1,"10":2,"11":2,"12":1,"13":1,"14":1,"15":1,"16":1,"17":1,"18":1,"19":1,"20":1,"21":1},"f":{"0":2,"1":1,"2":1},"b":{"0":[1,0]}}
,"/usr/src/app/src/routes/auth.routes.ts": {"path":"/usr/src/app/src/routes/auth.routes.ts","statementMap":{"0":{"start":{"line":1,"column":0},"end":{"line":1,"column":30}},"1":{"start":{"line":2,"column":0},"end":{"line":2,"column":65}},"2":{"start":{"line":4,"column":19},"end":{"line":4,"column":35}},"3":{"start":{"line":55,"column":0},"end":{"line":55,"column":43}},"4":{"start":{"line":57,"column":0},"end":{"line":57,"column":26}}},"fnMap":{},"branchMap":{},"s":{"0":1,"1":1,"2":1,"3":1,"4":1},"f":{},"b":{}}
,"/usr/src/app/src/routes/user.routes.ts": {"path":"/usr/src/app/src/routes/user.routes.ts","statementMap":{"0":{"start":{"line":1,"column":0},"end":{"line":1,"column":30}},"1":{"start":{"line":2,"column":0},"end":{"line":2,"column":65}},"2":{"start":{"line":4,"column":0},"end":{"line":4,"column":75}},"3":{"start":{"line":5,"column":0},"end":{"line":5,"column":65}},"4":{"start":{"line":6,"column":0},"end":{"line":6,"column":41}},"5":{"start":{"line":8,"column":15},"end":{"line":8,"column":31}},"6":{"start":{"line":11,"column":0},"end":{"line":20,"column":2}},"7":{"start":{"line":23,"column":0},"end":{"line":23,"column":73}},"8":{"start":{"line":26,"column":0},"end":{"line":26,"column":61}},"9":{"start":{"line":29,"column":0},"end":{"line":44,"column":2}},"10":{"start":{"line":47,"column":0},"end":{"line":47,"column":66}},"11":{"start":{"line":50,"column":0},"end":{"line":50,"column":69}},"12":{"start":{"line":53,"column":0},"end":{"line":53,"column":72}},"13":{"start":{"line":55,"column":0},"end":{"line":55,"column":22}}},"fnMap":{},"branchMap":{},"s":{"0":2,"1":2,"2":2,"3":2,"4":2,"5":2,"6":2,"7":2,"8":2,"9":2,"10":2,"11":2,"12":2,"13":2},"f":{},"b":{}}
,"/usr/src/app/src/services/auth.service.ts": {"path":"/usr/src/app/src/services/auth.service.ts","statementMap":{"0":{"start":{"line":62,"column":9},"end":{"line":62,"column":14}},"1":{"start":{"line":62,"column":16},"end":{"line":62,"column":27}},"2":{"start":{"line":1,"column":0},"end":{"line":1,"column":31}},"3":{"start":{"line":2,"column":0},"end":{"line":2,"column":49}},"4":{"start":{"line":4,"column":0},"end":{"line":4,"column":44}},"5":{"start":{"line":6,"column":0},"end":{"line":6,"column":10}},"6":{"start":{"line":8,"column":19},"end":{"line":8,"column":65}},"7":{"start":{"line":13,"column":22},"end":{"line":22,"column":1}},"8":{"start":{"line":14,"column":28},"end":{"line":19,"column":4}},"9":{"start":{"line":21,"column":2},"end":{"line":21,"column":60}},"10":{"start":{"line":28,"column":2},"end":{"line":32,"column":3}},"11":{"start":{"line":29,"column":4},"end":{"line":29,"column":53}},"12":{"start":{"line":31,"column":4},"end":{"line":31,"column":16}},"13":{"start":{"line":45,"column":15},"end":{"line":45,"column":60}},"14":{"start":{"line":46,"column":2},"end":{"line":46,"column":25}},"15":{"start":{"line":46,"column":13},"end":{"line":46,"column":25}},"16":{"start":{"line":48,"column":18},"end":{"line":48,"column":55}},"17":{"start":{"line":49,"column":2},"end":{"line":49,"column":28}},"18":{"start":{"line":49,"column":16},"end":{"line":49,"column":28}},"19":{"start":{"line":51,"column":16},"end":{"line":51,"column":35}},"20":{"start":{"line":52,"column":29},"end":{"line":57,"column":4}},"21":{"start":{"line":59,"column":2},"end":{"line":59,"column":35}},"22":{"start":{"line":63,"column":0},"end":{"line":63,"column":3}}},"fnMap":{"0":{"name":"(anonymous_1)","decl":{"start":{"line":13,"column":22},"end":{"line":13,"column":23}},"loc":{"start":{"line":13,"column":54},"end":{"line":22,"column":1}}},"1":{"name":"verifyToken","decl":{"start":{"line":27,"column":9},"end":{"line":27,"column":20}},"loc":{"start":{"line":27,"column":34},"end":{"line":33,"column":1}}},"2":{"name":"login","decl":{"start":{"line":38,"column":15},"end":{"line":38,"column":20}},"loc":{"start":{"line":40,"column":23},"end":{"line":60,"column":1}}}},"branchMap":{"0":{"loc":{"start":{"line":8,"column":19},"end":{"line":8,"column":65}},"type":"binary-expr","locations":[{"start":{"line":8,"column":19},"end":{"line":8,"column":41}},{"start":{"line":8,"column":45},"end":{"line":8,"column":65}}]},"1":{"loc":{"start":{"line":39,"column":2},"end":{"line":39,"column":20}},"type":"default-arg","locations":[{"start":{"line":39,"column":18},"end":{"line":39,"column":20}}]},"2":{"loc":{"start":{"line":40,"column":2},"end":{"line":40,"column":23}},"type":"default-arg","locations":[{"start":{"line":40,"column":21},"end":{"line":40,"column":23}}]},"3":{"loc":{"start":{"line":46,"column":2},"end":{"line":46,"column":25}},"type":"if","locations":[{"start":{"line":46,"column":2},"end":{"line":46,"column":25}}]},"4":{"loc":{"start":{"line":49,"column":2},"end":{"line":49,"column":28}},"type":"if","locations":[{"start":{"line":49,"column":2},"end":{"line":49,"column":28}}]}},"s":{"0":5,"1":5,"2":5,"3":5,"4":5,"5":5,"6":5,"7":5,"8":1,"9":1,"10":0,"11":0,"12":0,"13":3,"14":3,"15":1,"16":2,"17":2,"18":1,"19":1,"20":1,"21":1,"22":5},"f":{"0":1,"1":0,"2":3},"b":{"0":[5,5],"1":[0],"2":[0],"3":[1],"4":[1]}}
,"/usr/src/app/src/services/user.service.ts": {"path":"/usr/src/app/src/services/user.service.ts","statementMap":{"0":{"start":{"line":2,"column":0},"end":{"line":2,"column":49}},"1":{"start":{"line":3,"column":0},"end":{"line":3,"column":31}},"2":{"start":{"line":13,"column":26},"end":{"line":31,"column":1}},"3":{"start":{"line":20,"column":18},"end":{"line":24,"column":4}},"4":{"start":{"line":27,"column":19},"end":{"line":27,"column":64}},"5":{"start":{"line":28,"column":50},"end":{"line":28,"column":58}},"6":{"start":{"line":30,"column":2},"end":{"line":30,"column":29}},"7":{"start":{"line":13,"column":13},"end":{"line":13,"column":26}},"8":{"start":{"line":38,"column":29},"end":{"line":41,"column":1}},"9":{"start":{"line":39,"column":23},"end":{"line":39,"column":68}},"10":{"start":{"line":40,"column":2},"end":{"line":40,"column":23}},"11":{"start":{"line":38,"column":13},"end":{"line":38,"column":29}},"12":{"start":{"line":48,"column":27},"end":{"line":59,"column":1}},"13":{"start":{"line":51,"column":15},"end":{"line":51,"column":43}},"14":{"start":{"line":52,"column":2},"end":{"line":52,"column":25}},"15":{"start":{"line":52,"column":13},"end":{"line":52,"column":25}},"16":{"start":{"line":55,"column":19},"end":{"line":55,"column":61}},"17":{"start":{"line":56,"column":50},"end":{"line":56,"column":58}},"18":{"start":{"line":58,"column":2},"end":{"line":58,"column":29}},"19":{"start":{"line":48,"column":13},"end":{"line":48,"column":27}},"20":{"start":{"line":67,"column":26},"end":{"line":81,"column":1}},"21":{"start":{"line":72,"column":41},"end":{"line":72,"column":49}},"22":{"start":{"line":74,"column":25},"end":{"line":76,"column":4}},"23":{"start":{"line":78,"column":2},"end":{"line":78,"column":38}},"24":{"start":{"line":78,"column":26},"end":{"line":78,"column":38}},"25":{"start":{"line":80,"column":2},"end":{"line":80,"column":25}},"26":{"start":{"line":67,"column":13},"end":{"line":67,"column":26}},"27":{"start":{"line":90,"column":30},"end":{"line":107,"column":1}},"28":{"start":{"line":95,"column":15},"end":{"line":95,"column":43}},"29":{"start":{"line":96,"column":2},"end":{"line":96,"column":26}},"30":{"start":{"line":96,"column":13},"end":{"line":96,"column":26}},"31":{"start":{"line":99,"column":18},"end":{"line":99,"column":62}},"32":{"start":{"line":100,"column":2},"end":{"line":100,"column":29}},"33":{"start":{"line":100,"column":16},"end":{"line":100,"column":29}},"34":{"start":{"line":103,"column":2},"end":{"line":103,"column":30}},"35":{"start":{"line":104,"column":2},"end":{"line":104,"column":20}},"36":{"start":{"line":106,"column":2},"end":{"line":106,"column":14}},"37":{"start":{"line":90,"column":13},"end":{"line":90,"column":30}},"38":{"start":{"line":114,"column":26},"end":{"line":120,"column":1}},"39":{"start":{"line":115,"column":23},"end":{"line":117,"column":4}},"40":{"start":{"line":119,"column":2},"end":{"line":119,"column":26}},"41":{"start":{"line":114,"column":13},"end":{"line":114,"column":26}},"42":{"start":{"line":129,"column":27},"end":{"line":151,"column":1}},"43":{"start":{"line":134,"column":16},"end":{"line":144,"column":4}},"44":{"start":{"line":146,"column":2},"end":{"line":150,"column":5}},"45":{"start":{"line":147,"column":21},"end":{"line":147,"column":63}},"46":{"start":{"line":148,"column":52},"end":{"line":148,"column":60}},"47":{"start":{"line":149,"column":4},"end":{"line":149,"column":31}},"48":{"start":{"line":129,"column":13},"end":{"line":129,"column":27}}},"fnMap":{"0":{"name":"(anonymous_0)","decl":{"start":{"line":13,"column":26},"end":{"line":13,"column":31}},"loc":{"start":{"line":17,"column":46},"end":{"line":31,"column":1}}},"1":{"name":"(anonymous_1)","decl":{"start":{"line":38,"column":29},"end":{"line":38,"column":34}},"loc":{"start":{"line":38,"column":71},"end":{"line":41,"column":1}}},"2":{"name":"(anonymous_2)","decl":{"start":{"line":48,"column":27},"end":{"line":48,"column":32}},"loc":{"start":{"line":50,"column":53},"end":{"line":59,"column":1}}},"3":{"name":"(anonymous_3)","decl":{"start":{"line":67,"column":26},"end":{"line":67,"column":31}},"loc":{"start":{"line":70,"column":53},"end":{"line":81,"column":1}}},"4":{"name":"(anonymous_4)","decl":{"start":{"line":90,"column":30},"end":{"line":90,"column":35}},"loc":{"start":{"line":94,"column":22},"end":{"line":107,"column":1}}},"5":{"name":"(anonymous_5)","decl":{"start":{"line":114,"column":26},"end":{"line":114,"column":31}},"loc":{"start":{"line":114,"column":65},"end":{"line":120,"column":1}}},"6":{"name":"(anonymous_6)","decl":{"start":{"line":129,"column":27},"end":{"line":129,"column":32}},"loc":{"start":{"line":133,"column":48},"end":{"line":151,"column":1}}},"7":{"name":"(anonymous_7)","decl":{"start":{"line":146,"column":19},"end":{"line":146,"column":20}},"loc":{"start":{"line":146,"column":28},"end":{"line":150,"column":3}}}},"branchMap":{"0":{"loc":{"start":{"line":52,"column":2},"end":{"line":52,"column":25}},"type":"if","locations":[{"start":{"line":52,"column":2},"end":{"line":52,"column":25}}]},"1":{"loc":{"start":{"line":78,"column":2},"end":{"line":78,"column":38}},"type":"if","locations":[{"start":{"line":78,"column":2},"end":{"line":78,"column":38}}]},"2":{"loc":{"start":{"line":96,"column":2},"end":{"line":96,"column":26}},"type":"if","locations":[{"start":{"line":96,"column":2},"end":{"line":96,"column":26}}]},"3":{"loc":{"start":{"line":100,"column":2},"end":{"line":100,"column":29}},"type":"if","locations":[{"start":{"line":100,"column":2},"end":{"line":100,"column":29}}]},"4":{"loc":{"start":{"line":131,"column":2},"end":{"line":131,"column":20}},"type":"default-arg","locations":[{"start":{"line":131,"column":18},"end":{"line":131,"column":20}}]},"5":{"loc":{"start":{"line":132,"column":2},"end":{"line":132,"column":20}},"type":"default-arg","locations":[{"start":{"line":132,"column":19},"end":{"line":132,"column":20}}]}},"s":{"0":3,"1":3,"2":3,"3":0,"4":0,"5":0,"6":0,"7":3,"8":3,"9":0,"10":0,"11":3,"12":3,"13":0,"14":0,"15":0,"16":0,"17":0,"18":0,"19":3,"20":3,"21":0,"22":0,"23":0,"24":0,"25":0,"26":3,"27":3,"28":0,"29":0,"30":0,"31":0,"32":0,"33":0,"34":0,"35":0,"36":0,"37":3,"38":3,"39":0,"40":0,"41":3,"42":3,"43":0,"44":0,"45":0,"46":0,"47":0,"48":3},"f":{"0":0,"1":0,"2":0,"3":0,"4":0,"5":0,"6":0,"7":0},"b":{"0":[0],"1":[0],"2":[0],"3":[0],"4":[0],"5":[0]}}
}
