TN:
SF:src/server.ts
FN:13,(anonymous_1)
FNF:1
FNH:0
FNDA:0,(anonymous_1)
DA:1,0
DA:2,0
DA:3,0
DA:5,0
DA:6,0
DA:8,0
DA:10,0
DA:13,0
DA:14,0
LF:9
LH:0
BRF:0
BRH:0
end_of_record
TN:
SF:src/config/db.ts
FN:28,(anonymous_1)
FN:29,(anonymous_2)
FNF:2
FNH:0
FNDA:0,(anonymous_1)
FNDA:0,(anonymous_2)
DA:1,1
DA:2,1
DA:3,1
DA:5,1
DA:8,1
DA:26,1
DA:28,0
DA:29,0
LF:8
LH:6
BRF:0
BRH:0
end_of_record
TN:
SF:src/config/swagger.ts
FN:24,setupSwagger
FN:29,(anonymous_2)
FNF:2
FNH:1
FNDA:2,setupSwagger
FNDA:0,(anonymous_2)
DA:1,2
DA:2,2
DA:4,2
DA:6,2
DA:22,2
DA:24,2
DA:25,2
DA:27,2
DA:29,2
DA:30,0
DA:31,0
DA:34,2
DA:35,2
LF:13
LH:11
BRF:0
BRH:0
end_of_record
TN:
SF:src/controllers/user.controller.ts
FNF:0
FNH:0
DA:4,2
DA:6,2
DA:11,3
DA:14,3
DA:15,1
DA:18,2
DA:20,2
DA:23,1
DA:26,1
DA:27,1
LF:10
LH:10
BRDA:14,0,0,1
BRDA:14,1,0,3
BRDA:14,1,1,2
BRDA:14,1,2,2
BRF:4
BRH:4
end_of_record
TN:
SF:src/models/user.model.ts
FN:37,(anonymous_3)
FNF:1
FNH:0
FNDA:0,(anonymous_3)
DA:2,2
DA:3,2
DA:17,2
DA:26,2
DA:29,2
DA:32,2
DA:35,2
DA:38,0
DA:42,2
LF:9
LH:8
BRF:0
BRH:0
end_of_record
TN:
SF:src/routes/app.ts
FN:14,(anonymous_1)
FN:28,(anonymous_2)
FN:34,(anonymous_3)
FNF:3
FNH:3
FNDA:2,(anonymous_1)
FNDA:1,(anonymous_2)
FNDA:2,(anonymous_3)
DA:2,2
DA:3,2
DA:4,2
DA:5,2
DA:8,2
DA:9,2
DA:11,2
DA:12,2
DA:14,2
DA:15,2
DA:16,2
DA:17,1
DA:21,1
DA:22,1
DA:28,2
DA:29,1
DA:32,2
DA:34,2
DA:35,2
DA:38,2
LF:20
LH:20
BRDA:9,0,0,2
BRDA:9,0,1,0
BRF:2
BRH:1
end_of_record
TN:
SF:src/routes/user.routes.ts
FNF:0
FNH:0
DA:2,2
DA:3,2
DA:5,2
DA:7,2
DA:9,2
LF:5
LH:5
BRF:0
BRH:0
end_of_record
TN:
SF:src/services/user.service.ts
FN:12,createUser
FN:33,isEmailUnique
FNF:2
FNH:1
FNDA:1,createUser
FNDA:0,isEmailUnique
DA:2,2
DA:3,2
DA:12,2
DA:18,1
DA:19,1
DA:22,1
DA:29,1
DA:33,2
DA:34,0
DA:35,0
LF:10
LH:8
BRF:0
BRH:0
end_of_record
