TN:
SF:src/server.ts
FN:23,(anonymous_1)
FN:28,(anonymous_2)
FN:30,(anonymous_3)
FNF:3
FNH:0
FNDA:0,(anonymous_1)
FNDA:0,(anonymous_2)
FNDA:0,(anonymous_3)
DA:1,0
DA:2,0
DA:3,0
DA:4,0
DA:5,0
DA:7,0
DA:8,0
DA:11,0
DA:14,0
DA:17,0
DA:18,0
DA:19,0
DA:20,0
DA:23,0
DA:24,0
DA:28,0
DA:29,0
DA:30,0
DA:31,0
DA:32,0
LF:20
LH:0
BRDA:8,0,0,0
BRDA:8,0,1,0
BRF:2
BRH:0
end_of_record
TN:
SF:src/config/db.ts
FN:34,(anonymous_1)
FN:35,(anonymous_2)
FNF:2
FNH:0
FNDA:0,(anonymous_1)
FNDA:0,(anonymous_2)
DA:1,0
DA:2,0
DA:3,0
DA:6,0
DA:15,0
DA:32,0
DA:34,0
DA:35,0
LF:8
LH:0
BRF:0
BRH:0
end_of_record
TN:
SF:src/config/loadenv.ts
FN:5,loadEnv
FNF:1
FNH:1
FNDA:5,loadEnv
DA:2,5
DA:3,5
DA:5,5
DA:6,5
DA:7,5
DA:8,5
DA:10,5
DA:12,5
DA:13,5
LF:9
LH:9
BRDA:6,0,0,5
BRDA:6,0,1,0
BRF:2
BRH:1
end_of_record
TN:
SF:src/config/swagger.ts
FN:24,setupSwagger
FN:29,(anonymous_2)
FNF:2
FNH:1
FNDA:1,setupSwagger
FNDA:0,(anonymous_2)
DA:1,1
DA:2,1
DA:4,1
DA:6,1
DA:22,1
DA:24,1
DA:25,1
DA:27,1
DA:29,1
DA:30,0
DA:31,0
DA:34,1
DA:35,1
LF:13
LH:11
BRF:0
BRH:0
end_of_record
TN:
SF:src/controllers/auth.controller.ts
FN:8,(anonymous_0)
FN:43,(anonymous_1)
FNF:2
FNH:2
FNDA:9,(anonymous_0)
FNDA:3,(anonymous_1)
DA:2,3
DA:8,3
DA:12,9
DA:15,9
DA:16,3
DA:21,6
DA:22,6
DA:24,4
DA:25,2
DA:28,2
DA:34,2
DA:35,2
DA:43,3
DA:44,3
DA:46,3
DA:47,1
DA:52,2
DA:53,2
DA:55,2
DA:56,1
DA:59,1
LF:21
LH:21
BRDA:15,0,0,3
BRDA:15,1,0,9
BRDA:15,1,1,7
BRDA:24,2,0,2
BRDA:46,3,0,1
BRDA:46,4,0,3
BRDA:46,4,1,2
BRDA:55,5,0,1
BRF:8
BRH:8
end_of_record
TN:
SF:src/controllers/user.controller.ts
FN:12,handleCreateUser
FN:32,handleGetUser
FN:48,handleUpdateUser
FN:83,handleChangePassword
FN:106,handleDeleteUser
FN:125,handleSearchUsers
FN:156,handleVerifyUser
FNF:7
FNH:7
FNDA:3,handleCreateUser
FNDA:3,handleGetUser
FNDA:4,handleUpdateUser
FNDA:3,handleChangePassword
FNDA:3,handleDeleteUser
FNDA:4,handleSearchUsers
FNDA:3,handleVerifyUser
DA:2,3
DA:12,3
DA:16,3
DA:18,3
DA:19,3
DA:20,2
DA:21,1
DA:24,1
DA:25,1
DA:27,1
DA:28,1
DA:32,3
DA:33,3
DA:35,3
DA:36,3
DA:37,2
DA:38,1
DA:41,1
DA:43,1
DA:44,1
DA:48,3
DA:52,4
DA:53,4
DA:55,4
DA:56,0
DA:61,4
DA:62,4
DA:63,4
DA:64,3
DA:65,1
DA:69,2
DA:70,2
DA:71,1
DA:74,1
DA:78,1
DA:79,1
DA:83,3
DA:87,3
DA:88,3
DA:90,3
DA:91,3
DA:93,2
DA:94,1
DA:99,1
DA:101,1
DA:102,1
DA:106,3
DA:110,3
DA:112,3
DA:113,3
DA:114,2
DA:115,1
DA:118,1
DA:120,1
DA:121,1
DA:125,3
DA:129,4
DA:130,4
DA:131,4
DA:135,4
DA:136,1
DA:139,3
DA:140,3
DA:142,2
DA:151,1
DA:152,1
DA:156,3
DA:160,3
DA:162,3
DA:163,3
DA:165,2
DA:166,1
DA:169,1
DA:173,1
DA:174,1
LF:75
LH:74
BRDA:20,0,0,1
BRDA:37,1,0,1
BRDA:55,2,0,0
BRDA:55,3,0,4
BRDA:55,3,1,0
BRDA:62,4,0,4
BRDA:64,5,0,1
BRDA:70,6,0,1
BRDA:93,7,0,1
BRDA:114,8,0,1
BRDA:130,9,0,2
BRDA:130,9,1,2
BRDA:131,10,0,2
BRDA:131,10,1,2
BRDA:135,11,0,1
BRDA:135,12,0,4
BRDA:135,12,1,3
BRDA:165,13,0,1
BRF:18
BRH:16
end_of_record
TN:
SF:src/middlewares/authenticateJWT.ts
FN:5,(anonymous_9)
FNF:1
FNH:1
FNDA:4,(anonymous_9)
DA:3,2
DA:5,2
DA:10,4
DA:13,4
DA:14,2
DA:17,2
DA:19,2
DA:21,2
DA:24,2
DA:25,1
DA:29,1
DA:32,1
DA:34,0
LF:13
LH:12
BRDA:13,0,0,2
BRDA:13,1,0,4
BRDA:13,1,1,3
BRDA:24,2,0,1
BRF:4
BRH:4
end_of_record
TN:
SF:src/middlewares/checkVerifiedAccount.ts
FN:9,(anonymous_0)
FNF:1
FNH:0
FNDA:0,(anonymous_0)
DA:9,0
DA:15,0
DA:17,0
DA:18,0
DA:24,0
DA:25,0
DA:32,0
LF:7
LH:0
BRDA:17,0,0,0
BRDA:24,1,0,0
BRF:2
BRH:0
end_of_record
TN:
SF:src/middlewares/handleValidationErrors.ts
FN:5,(anonymous_0)
FNF:1
FNH:1
FNDA:10,(anonymous_0)
DA:3,3
DA:5,3
DA:10,10
DA:11,10
DA:12,7
DA:17,3
DA:20,3
LF:7
LH:7
BRDA:11,0,0,7
BRF:1
BRH:1
end_of_record
TN:
SF:src/middlewares/isSelf.ts
FN:3,isSelf
FNF:1
FNH:0
FNDA:0,isSelf
DA:3,0
DA:4,0
DA:5,0
DA:7,0
DA:8,0
DA:11,0
DA:12,0
DA:15,0
LF:8
LH:0
BRDA:7,0,0,0
BRDA:11,1,0,0
BRF:2
BRH:0
end_of_record
TN:
SF:src/middlewares/validateRequiredFields.ts
FN:8,validateRequiredFields
FN:9,(anonymous_1)
FN:10,(anonymous_2)
FNF:3
FNH:3
FNDA:3,validateRequiredFields
FNDA:3,(anonymous_1)
FNDA:9,(anonymous_2)
DA:8,1
DA:9,3
DA:10,9
DA:12,3
DA:13,2
DA:18,1
LF:6
LH:6
BRDA:12,0,0,2
BRF:1
BRH:1
end_of_record
TN:
SF:src/models/user.model.ts
FN:59,(anonymous_3)
FN:65,(anonymous_4)
FNF:2
FNH:2
FNDA:2,(anonymous_3)
FNDA:11,(anonymous_4)
DA:1,7
DA:9,7
DA:22,7
DA:32,7
DA:42,7
DA:51,7
DA:54,7
DA:57,7
DA:60,2
DA:65,7
DA:66,11
DA:67,10
DA:68,10
DA:73,7
LF:14
LH:14
BRDA:66,0,0,10
BRF:1
BRH:1
end_of_record
TN:
SF:src/routes/app.ts
FN:14,(anonymous_1)
FN:28,(anonymous_2)
FN:36,(anonymous_3)
FNF:3
FNH:3
FNDA:2,(anonymous_1)
FNDA:1,(anonymous_2)
FNDA:1,(anonymous_3)
DA:2,1
DA:3,1
DA:4,1
DA:5,1
DA:6,1
DA:8,1
DA:9,1
DA:11,1
DA:12,1
DA:14,1
DA:15,2
DA:16,2
DA:17,1
DA:21,1
DA:22,1
DA:28,1
DA:29,1
DA:32,1
DA:34,1
DA:36,1
DA:37,1
DA:40,1
LF:22
LH:22
BRDA:9,0,0,1
BRDA:9,0,1,0
BRF:2
BRH:1
end_of_record
TN:
SF:src/routes/auth.routes.ts
FNF:0
FNH:0
DA:1,1
DA:2,1
DA:4,1
DA:55,1
DA:57,1
LF:5
LH:5
BRF:0
BRH:0
end_of_record
TN:
SF:src/routes/user.routes.ts
FNF:0
FNH:0
DA:1,2
DA:2,2
DA:4,2
DA:5,2
DA:6,2
DA:8,2
DA:11,2
DA:23,2
DA:26,2
DA:29,2
DA:47,2
DA:50,2
DA:53,2
DA:55,2
LF:14
LH:14
BRF:0
BRH:0
end_of_record
TN:
SF:src/services/auth.service.ts
FN:13,(anonymous_1)
FN:27,verifyToken
FN:38,login
FNF:3
FNH:2
FNDA:1,(anonymous_1)
FNDA:0,verifyToken
FNDA:3,login
DA:1,5
DA:2,5
DA:4,5
DA:6,5
DA:8,5
DA:13,5
DA:14,1
DA:21,1
DA:28,0
DA:29,0
DA:31,0
DA:45,3
DA:46,3
DA:48,2
DA:49,2
DA:51,1
DA:52,1
DA:59,1
DA:62,5
DA:63,5
LF:20
LH:17
BRDA:8,0,0,5
BRDA:8,0,1,5
BRDA:39,1,0,0
BRDA:40,2,0,0
BRDA:46,3,0,1
BRDA:49,4,0,1
BRF:6
BRH:4
end_of_record
TN:
SF:src/services/user.service.ts
FN:13,(anonymous_0)
FN:38,(anonymous_1)
FN:48,(anonymous_2)
FN:67,(anonymous_3)
FN:90,(anonymous_4)
FN:114,(anonymous_5)
FN:129,(anonymous_6)
FN:146,(anonymous_7)
FNF:8
FNH:0
FNDA:0,(anonymous_0)
FNDA:0,(anonymous_1)
FNDA:0,(anonymous_2)
FNDA:0,(anonymous_3)
FNDA:0,(anonymous_4)
FNDA:0,(anonymous_5)
FNDA:0,(anonymous_6)
FNDA:0,(anonymous_7)
DA:2,3
DA:3,3
DA:13,3
DA:20,0
DA:27,0
DA:28,0
DA:30,0
DA:38,3
DA:39,0
DA:40,0
DA:48,3
DA:51,0
DA:52,0
DA:55,0
DA:56,0
DA:58,0
DA:67,3
DA:72,0
DA:74,0
DA:78,0
DA:80,0
DA:90,3
DA:95,0
DA:96,0
DA:99,0
DA:100,0
DA:103,0
DA:104,0
DA:106,0
DA:114,3
DA:115,0
DA:119,0
DA:129,3
DA:134,0
DA:146,0
DA:147,0
DA:148,0
DA:149,0
LF:38
LH:9
BRDA:52,0,0,0
BRDA:78,1,0,0
BRDA:96,2,0,0
BRDA:100,3,0,0
BRDA:131,4,0,0
BRDA:132,5,0,0
BRF:6
BRH:0
end_of_record
